<?xml version="1.0" encoding="UTF-8"?>
<!-- Generated by org.testng.reporters.JUnitXMLReporter -->
<testsuite ignored="0" hostname="BhargaviShetty" failures="0" tests="8" name="Test" time="35.783" errors="0" timestamp="2024-09-22T09:43:39 IST">
  <testcase classname="testNGpackage.BrowserTest" name="loginTest" time="7.311"/>
  <testcase classname="testNGpackage.ClassTest" name="Test" time="0.002"/>
  <testcase classname="testNGpackage.ClassTest" name="Test2" time="0.002"/>
  <testcase classname="testNGpackage.ClassTest" name="Test3" time="0.001"/>
  <testcase classname="testNGpackage.LoginTest" name="LoginPage" time="7.709"/>
  <testcase classname="testNGpackage.TestNGBasics" name="googleTitle" time="0.002"/>
  <testcase classname="testNGpackage.TestNGBasics" name="CheckElementInGoogle" time="0.002"/>
  <testcase classname="testNGpackage.TestNGBasics" name="signinButton" time="0.001"/>
</testsuite> <!-- Test -->
