<?xml version="1.0" encoding="UTF-8"?>
<!-- Generated by org.testng.reporters.JUnitXMLReporter -->
<testsuite ignored="0" hostname="BhargaviShetty" failures="0" tests="8" name="Browser Test" time="37.576" errors="0" timestamp="2024-09-22T09:46:33 IST">
  <testcase classname="testNGpackage.BrowserTest" name="loginTest" time="9.149"/>
  <testcase classname="testNGpackage.ClassTest" name="Test" time="0.001"/>
  <testcase classname="testNGpackage.ClassTest" name="Test2" time="0.004"/>
  <testcase classname="testNGpackage.ClassTest" name="Test3" time="0.001"/>
  <testcase classname="testNGpackage.LoginTest" name="LoginPage" time="6.867"/>
  <testcase classname="testNGpackage.TestNGBasics" name="googleTitle" time="0.006"/>
  <testcase classname="testNGpackage.TestNGBasics" name="CheckElementInGoogle" time="0.004"/>
  <testcase classname="testNGpackage.TestNGBasics" name="signinButton" time="0.003"/>
</testsuite> <!-- Browser Test -->
