<?xml version="1.0" encoding="UTF-8"?>
<!-- Generated by org.testng.reporters.JUnitXMLReporter -->
<testsuite ignored="0" hostname="BhargaviShetty" failures="0" tests="4" name="Default test" time="28.377" errors="0" timestamp="2024-09-23T09:10:02 IST">
  <testcase classname="com.DataDrivenFramework.GuruLoginPageTest" name="GuruBankLoginPageTest" time="1.237"/>
  <testcase classname="com.DataDrivenFramework.GuruLoginPageTest" name="GuruBankLoginPageTest" time="0.568"/>
  <testcase classname="com.DataDrivenFramework.GuruLoginPageTest" name="GuruBankLoginPageTest" time="0.591"/>
  <testcase classname="com.DataDrivenFramework.GuruLoginPageTest" name="GuruBankLoginPageTest" time="0.555"/>
</testsuite> <!-- Default test -->
